<?xml version="1.0" encoding="UTF-8"?>
<!-- Generated by org.testng.reporters.JUnitReportReporter -->
<testsuite hostname="DESKTOP-3M1GHR1" failures="0" tests="1" name="TestLayer.SignUpPageTest" time="25.554" errors="0" timestamp="2024-01-13T14:52:07 IST" skipped="0">
  <testcase classname="TestLayer.SignUpPageTest" name="validateSignUpPage" time="25.554"/>
  <system-out/>
</testsuite> <!-- TestLayer.SignUpPageTest -->
